********* Begin of ov2680_5987fhq *********
********* Begin of sensor_lib_t *********
.snapshot_exp_wait_frames = 1 , 
.sensor_num_frame_skip = 1 , 
.sensor_num_HDR_frame_skip = 1 , 
.exposure_table_size = 10 , 
.sensor_max_immediate_frame_delay = 2 , 
********* End of sensor_lib_t *********
********* Begin of .sensor_slave_info *********
.camera_id = 1 ,
.slave_addr = 0x20 ,
.addr_type = 2 ,
.sensor_id_info = { 
 .sensor_id_reg_addr = 0x300a ,
  .sensor_id = 0x2680 ,
 }, 
.power_setting_array = { 
.power_setting = 
{ 
.seq_type = 2 
.seq_val = 0 
.config_val = 0 
.delay =  5 
},
{ 
.seq_type = 2 
.seq_val = 2 
.config_val = 0 
.delay =  5 
},
{ 
.seq_type = 1 
.seq_val = 1 
.config_val = 0 
.delay =  5 
},
{ 
.seq_type = 1 
.seq_val = 1 
.config_val = 2 
.delay =  10 
},
{ 
.seq_type = 1 
.seq_val = 0 
.config_val = 0 
.delay =  5 
},
{ 
.seq_type = 1 
.seq_val = 0 
.config_val = 2 
.delay =  10 
},
{ 
.seq_type = 0 
.seq_val = 0 
.config_val = 24000000 
.delay =  10 
},
{ 
.seq_type = 3 
.seq_val = 0 
.config_val = 0 
.delay =  0 
},
.size = 8 
}, 
.is_flash_supported = 0 
********* End of .sensor_slave_info *********
********* Begin of .sensor_init_params *********
.modes_supported = 0 ,
.position = 0 ,
.sensor_mount_angle = 270 ,
********* End of .sensor_init_params *********
********* Begin of .sensor_output *********
.output_format = 0, 
.connection_mode = 1, 
.raw_output = 1 ,
********* End of .sensor_output *********
********* Begin of .output_reg_addr *********
.x_output = 0x3808, 
.y_output = 0x380a, 
.line_length_pclk = 0x380c, 
.frame_length_lines = 0x380e, 
********* End of .output_reg_addr *********
********* Begin of .exp_gain_info *********
.coarse_int_time_addr = 0x3500, 
.global_gain_addr = 0x350a, 
.vert_offset = 4, 
********* End of .exp_gain_info *********
********* Begin of .aec_info *********
.max_gain = 8.000000 ,
.max_linecount = 29760 
********* End of .aec_info *********
********* Begin of .default_lens_info *********
.focal_length = 2.180000 
.pix_size =  1.400000 
.f_number =  2.526000 
.total_f_dist = 1.200000 
.hor_view_angle = 66.199997 
.ver_view_angle = 52.299999 
********* End of .default_lens_info *********
********* Begin of .csi_lane_params *********
.csi_lane_assign = 0x4320 .csi_lane_mask = 0x3.csi_if = 1 
.csid_core = 0 
********* End of .csi_lane_params *********
********* Begin of .csi_cid_params & .csi_cid_params_size *********
.csi_cid_params_size = 2, 
{<cid>,<dt>,<decode_format>} 
{0,43,2}, 
{1,18,1}, 
********* End of .csi_cid_params & .csi_cid_params_size *********
********* Begin of .init_settings_array *********
.size = 2 
******* Begin of 0 i2c reg setting*********
.size = 1 
.addr_type = 2 
.data_type = 1 
.delay = 10 
{<reg_addr>,<reg_data>,<delay>} 
{0x103, 0x1}, 
end of reg_array 
******* End of 0 i2c reg setting*********
******* Begin of 1 i2c reg setting*********
.size = 70 
.addr_type = 2 
.data_type = 1 
.delay = 10 
{<reg_addr>,<reg_data>,<delay>} 
{0x3002, 00}, 
{0x3016, 0x1c}, 
{0x3018, 0x44}, 
{0x3020, 00}, 
{0x3080, 0x2}, 
{0x3082, 0x38}, 
{0x3084, 0x9}, 
{0x3085, 0x4}, 
{0x3086, 0x1}, 
{0x3501, 0x26}, 
{0x3502, 0x40}, 
{0x3503, 0x3}, 
{0x350b, 0x36}, 
{0x3600, 0xb4}, 
{0x3603, 0x39}, 
{0x3604, 0x24}, 
{0x3605, 00}, 
{0x3620, 0x26}, 
{0x3621, 0x37}, 
{0x3622, 0x4}, 
{0x3628, 00}, 
{0x3705, 0x3c}, 
{0x370c, 0x50}, 
{0x370d, 0xc0}, 
{0x3718, 0x88}, 
{0x3720, 00}, 
{0x3721, 00}, 
{0x3722, 00}, 
{0x3723, 00}, 
{0x3738, 00}, 
{0x370a, 0x23}, 
{0x3717, 0x58}, 
{0x3781, 0x80}, 
{0x3789, 0x60}, 
{0x3800, 00}, 
{0x3801, 00}, 
{0x3802, 00}, 
{0x3803, 00}, 
{0x3804, 0x6}, 
{0x3805, 0x4f}, 
{0x3806, 0x4}, 
{0x3807, 0xbf}, 
{0x3808, 0x3}, 
{0x3809, 0x20}, 
{0x380a, 0x2}, 
{0x380b, 0x58}, 
{0x380c, 0x6}, 
{0x380d, 0xac}, 
{0x380e, 0x2}, 
{0x380f, 0x84}, 
{0x3810, 00}, 
{0x3811, 0x4}, 
{0x3812, 00}, 
{0x3813, 0x4}, 
{0x3814, 0x31}, 
{0x3815, 0x31}, 
{0x3819, 0x4}, 
{0x3820, 0xc2}, 
{0x3821, 0x1}, 
{0x4000, 0x81}, 
{0x4001, 0x40}, 
{0x4008, 00}, 
{0x4009, 0x3}, 
{0x4602, 0x2}, 
{0x481f, 0x36}, 
{0x4825, 0x36}, 
{0x4837, 0x30}, 
{0x5002, 0x30}, 
{0x5080, 00}, 
{0x5081, 0x41}, 
end of reg_array 
******* End of 1 i2c reg setting*********
********* End of .init_settings_array *********
********* Begin of .start_settings *********
.size = 1 
.addr_type = 2 
.data_type = 1 
.delay = 0 
{<reg_addr>,<reg_data>,<delay>} 
{0x100, 0x1}, 
end of reg_array 
********* End of .start_settings *********
********* Begin of .stop_settings *********
.size = 1 
.addr_type = 2 
.data_type = 1 
.delay = 0 
{<reg_addr>,<reg_data>,<delay>} 
{0x100, 00}, 
end of reg_array 
********* End of .stop_settings *********
********* Begin of .groupon_settings *********
.size = 1 
.addr_type = 2 
.data_type = 1 
.delay = 0 
{<reg_addr>,<reg_data>,<delay>} 
{0x3208, 00}, 
end of reg_array 
********* End of .groupon_settings *********
********* Begin of .groupoff_settings *********
.size = 2 
.addr_type = 2 
.data_type = 1 
.delay = 0 
{<reg_addr>,<reg_data>,<delay>} 
{0x3208, 0x10}, 
{0x3208, 0xa0}, 
end of reg_array 
********* End of .groupoff_settings *********
********* Begin of .sensor_res_cfg_table *********
.size = 7 
{ 0, 2, 4, 5, 6, 3, 1, } 
********* End of .sensor_res_cfg_table *********
Available init arrays : 1
******* Begin of 0 i2c reg setting*********
.size = 32 
.addr_type = 2 
.data_type = 1 
.delay = 0 
reg_array: 
{<reg_addr>,<reg_data>,<delay>} 
{0x3086, 00}, 
{0x3501, 0x4e}, 
{0x3502, 0xe0}, 
{0x3620, 0x26}, 
{0x3621, 0x37}, 
{0x3622, 0x4}, 
{0x370a, 0x21}, 
{0x370d, 0xc0}, 
{0x3718, 0x88}, 
{0x3721, 00}, 
{0x3722, 00}, 
{0x3723, 00}, 
{0x3738, 00}, 
{0x3803, 00}, 
{0x3807, 0xbf}, 
{0x3808, 0x6}, 
{0x3809, 0x40}, 
{0x380a, 0x4}, 
{0x380b, 0xb0}, 
{0x380c, 0x6}, 
{0x380d, 0xa4}, 
{0x380e, 0x5}, 
{0x380f, 0xe}, 
{0x3811, 0x8}, 
{0x3813, 0x8}, 
{0x3814, 0x11}, 
{0x3815, 0x11}, 
{0x3820, 0xc0}, 
{0x3821, 00}, 
{0x4008, 0x2}, 
{0x4009, 0x9}, 
{0x4837, 0x17}, 
end of reg_array 
******* End of 0 i2c reg setting*********
********* Begin of .out_info_array *********
.size= 1,
{ 
 .x_output = 1600, 
 .y_output = 1200, 
 .line_length_pclk = 1700, 
 .frame_length_lines = 1294, 
 .vt_pixel_clk = 66864000, 
 .op_pixel_clk = 66864000, 
 .binning_factor = 1, 
 .max_fps = 30.400000, 
 .min_fps = 7.500000, 
 .mode = 1, 
}, 
********* End of .out_info_array *********
********* Begin of .crop_params_array *********
.size = 1 
{<top_crop>,<bottom_crop>,<left_crop>,<right_crop>} 
{0,0,0,0},
 ********* End of .crop_params_array *********
********* Begin of .csi_params_array *********
.size = 1 
******* Begin of 0 msm_camera_csi2_params*********
.csid_params = { 
	.lane_cnt = 1, 
	.lut_params = { 
	 .num_cid = 2 
	 .vc_cfg = { 
		 {<cid>,<dt>,<decode_format>} 
		 {0, 43, 2}, 
		 {1, 18, 1}, 
	 }, 
	}, 
}, 
.csiphy_params = { 
	.lane_cnt = 1, 
	.settle_cnt = 0x15, 
}, 
******* End of 0 msm_camera_csi2_params*********
********* End of .csi_params_array *********
********* Begin of .sensor_stream_info_array *********
	 .size = 2 
******* Begin of 0 sensor_stream_info_t*********
	 {		 .vc_cfg_size = 1 
		 .vc_cfg = { 
			 {<cid>,<dt>,<decode_format>} 
			 {0, 43, 2}, 
		 }, 
		 .pix_fmt_fourcc = 808535874 
	 },******* End of 0 sensor_stream_info_t*********
******* Begin of 1 sensor_stream_info_t*********
	 {		 .vc_cfg_size = 1 
		 .vc_cfg = { 
			 {<cid>,<dt>,<decode_format>} 
			 {1, 18, 1}, 
		 }, 
		 .pix_fmt_fourcc = 1096041805 
	 },******* End of 1 sensor_stream_info_t*********
********* End of .sensor_stream_info_array *********
********* End of ov2680_5987fhq *********
