********* Begin of ov8865_q8v18a *********
********* Begin of sensor_lib_t *********
.actuator_name = rohm_bu64243gwz_h2x , 
.snapshot_exp_wait_frames = 1 , 
.sensor_num_frame_skip = 1 , 
.sensor_num_HDR_frame_skip = 2 , 
.exposure_table_size = 10 , 
.sensor_max_immediate_frame_delay = 2 , 
********* End of sensor_lib_t *********
********* Begin of .sensor_slave_info *********
.camera_id = 0 ,
.slave_addr = 0x20 ,
.addr_type = 2 ,
.sensor_id_info = { 
 .sensor_id_reg_addr = 0x300b ,
  .sensor_id = 0x8865 ,
 }, 
.power_setting_array = { 
.power_setting = 
{ 
.seq_type = 2 
.seq_val = 1 
.config_val = 0 
.delay =  1 
},
{ 
.seq_type = 2 
.seq_val = 2 
.config_val = 0 
.delay =  1 
},
{ 
.seq_type = 2 
.seq_val = 0 
.config_val = 0 
.delay =  1 
},
{ 
.seq_type = 2 
.seq_val = 3 
.config_val = 0 
.delay =  5 
},
{ 
.seq_type = 1 
.seq_val = 1 
.config_val = 0 
.delay =  1 
},
{ 
.seq_type = 1 
.seq_val = 0 
.config_val = 0 
.delay =  5 
},
{ 
.seq_type = 1 
.seq_val = 2 
.config_val = 0 
.delay =  5 
},
{ 
.seq_type = 1 
.seq_val = 1 
.config_val = 2 
.delay =  5 
},
{ 
.seq_type = 1 
.seq_val = 0 
.config_val = 2 
.delay =  10 
},
{ 
.seq_type = 1 
.seq_val = 2 
.config_val = 2 
.delay =  5 
},
{ 
.seq_type = 0 
.seq_val = 0 
.config_val = 23880000 
.delay =  10 
},
{ 
.seq_type = 3 
.seq_val = 0 
.config_val = 0 
.delay =  0 
},
.size = 12 
}, 
.is_flash_supported = 0 
********* End of .sensor_slave_info *********
********* Begin of .sensor_init_params *********
.modes_supported = 1 ,
.position = 1 ,
.sensor_mount_angle = 360 ,
********* End of .sensor_init_params *********
********* Begin of .sensor_output *********
.output_format = 0, 
.connection_mode = 1, 
.raw_output = 1 ,
********* End of .sensor_output *********
********* Begin of .output_reg_addr *********
.x_output = 0x3808, 
.y_output = 0x380a, 
.line_length_pclk = 0x380c, 
.frame_length_lines = 0x380e, 
********* End of .output_reg_addr *********
********* Begin of .exp_gain_info *********
.coarse_int_time_addr = 0x3500, 
.global_gain_addr = 0x3508, 
.vert_offset = 6, 
********* End of .exp_gain_info *********
********* Begin of .aec_info *********
.max_gain = 32.000000 ,
.max_linecount = 30834 
********* End of .aec_info *********
********* Begin of .default_lens_info *********
.focal_length = 3.850000 
.pix_size =  1.400000 
.f_number =  2.275000 
.total_f_dist = 1.200000 
.hor_view_angle = 61.000000 
.ver_view_angle = 48.000000 
********* End of .default_lens_info *********
********* Begin of .csi_lane_params *********
.csi_lane_assign = 0x4320 
.csi_lane_mask = 0x1f 
.csi_if = 1 
.csid_core = 0 
********* End of .csi_lane_params *********
********* Begin of .csi_cid_params & .csi_cid_params_size *********
.csi_cid_params_size = 2, 
{<cid>,<dt>,<decode_format>} 
{0,43,2}, 
{1,18,1}, 
********* End of .csi_cid_params & .csi_cid_params_size *********
********* Begin of .init_settings_array *********
.size = 2 
******* Begin of 0 i2c reg setting*********
.size = 1 
.addr_type = 2 
.data_type = 1 
.delay = 50 
{<reg_addr>,<reg_data>,<delay>} 
{0x103, 0x1}, 
end of reg_array 
******* End of 0 i2c reg setting*********
******* Begin of 1 i2c reg setting*********
.size = 322 
.addr_type = 2 
.data_type = 1 
.delay = 0 
{<reg_addr>,<reg_data>,<delay>} 
{0x3638, 0xff}, 
{0x300, 0x2}, 
{0x302, 0x3d}, 
{0x303, 00}, 
{0x304, 0x3}, 
{0x30b, 0x2}, 
{0x30d, 0x3d}, 
{0x30e, 00}, 
{0x30f, 0x9}, 
{0x312, 0x1}, 
{0x31e, 0xc}, 
{0x3015, 0x1}, 
{0x3018, 0x72}, 
{0x3020, 0x93}, 
{0x3022, 0x1}, 
{0x3031, 0xa}, 
{0x3106, 0x1}, 
{0x3305, 0xf1}, 
{0x3308, 00}, 
{0x3309, 0x28}, 
{0x330a, 00}, 
{0x330b, 0x20}, 
{0x330c, 00}, 
{0x330d, 00}, 
{0x330e, 00}, 
{0x330f, 0x40}, 
{0x3307, 0x4}, 
{0x3604, 0x4}, 
{0x3602, 0x30}, 
{0x3605, 00}, 
{0x3607, 0x20}, 
{0x3608, 0x11}, 
{0x3609, 0x68}, 
{0x360a, 0x40}, 
{0x360c, 0xdd}, 
{0x360e, 0xc}, 
{0x3610, 0x7}, 
{0x3612, 0x86}, 
{0x3613, 0x58}, 
{0x3614, 0x28}, 
{0x3617, 0x40}, 
{0x3618, 0x5a}, 
{0x3619, 0x9b}, 
{0x361c, 00}, 
{0x361d, 0x60}, 
{0x3631, 0x60}, 
{0x3633, 0x10}, 
{0x3634, 0x10}, 
{0x3635, 0x10}, 
{0x3636, 0xa}, 
{0x3641, 0x55}, 
{0x3646, 0x86}, 
{0x3647, 0x27}, 
{0x364a, 0x1b}, 
{0x3500, 00}, 
{0x3501, 0x4c}, 
{0x3502, 00}, 
{0x3503, 00}, 
{0x3508, 0x2}, 
{0x3509, 00}, 
{0x3700, 0x48}, 
{0x3701, 0x18}, 
{0x3702, 0x50}, 
{0x3703, 0x32}, 
{0x3704, 0x28}, 
{0x3705, 00}, 
{0x3706, 0x70}, 
{0x3707, 0x8}, 
{0x3708, 0x48}, 
{0x3709, 0x80}, 
{0x370a, 0x1}, 
{0x370b, 0x70}, 
{0x370c, 0x7}, 
{0x3718, 0x14}, 
{0x3719, 0x31}, 
{0x3712, 0x44}, 
{0x3714, 0x12}, 
{0x371e, 0x31}, 
{0x371f, 0x7f}, 
{0x3720, 0xa}, 
{0x3721, 0xa}, 
{0x3724, 0x4}, 
{0x3725, 0x4}, 
{0x3726, 0xc}, 
{0x3728, 0xa}, 
{0x3729, 0x3}, 
{0x372a, 0x6}, 
{0x372b, 0xa6}, 
{0x372c, 0xa6}, 
{0x372d, 0xa6}, 
{0x372e, 0xc}, 
{0x372f, 0x20}, 
{0x3730, 0x2}, 
{0x3731, 0xc}, 
{0x3732, 0x28}, 
{0x3733, 0x10}, 
{0x3734, 0x40}, 
{0x3736, 0x30}, 
{0x373a, 0x4}, 
{0x373b, 0x18}, 
{0x373c, 0x14}, 
{0x373e, 0x6}, 
{0x3755, 0x40}, 
{0x3758, 00}, 
{0x3759, 0x4c}, 
{0x375a, 0xc}, 
{0x375b, 0x26}, 
{0x375c, 0x20}, 
{0x375d, 0x4}, 
{0x375e, 00}, 
{0x375f, 0x28}, 
{0x3767, 0x4}, 
{0x3768, 0x4}, 
{0x3769, 0x20}, 
{0x376c, 00}, 
{0x376d, 00}, 
{0x376a, 0x8}, 
{0x3761, 00}, 
{0x3762, 00}, 
{0x3763, 00}, 
{0x3766, 0xff}, 
{0x376b, 0x42}, 
{0x3772, 0x46}, 
{0x3773, 0x4}, 
{0x3774, 0x2c}, 
{0x3775, 0x13}, 
{0x3776, 0x10}, 
{0x37a0, 0x88}, 
{0x37a1, 0x7a}, 
{0x37a2, 0x7a}, 
{0x37a3, 0x2}, 
{0x37a4, 00}, 
{0x37a5, 0x9}, 
{0x37a6, 00}, 
{0x37a7, 0x88}, 
{0x37a8, 0xb0}, 
{0x37a9, 0xb0}, 
{0x3760, 00}, 
{0x376f, 0x1}, 
{0x37aa, 0x88}, 
{0x37ab, 0x5c}, 
{0x37ac, 0x5c}, 
{0x37ad, 0x55}, 
{0x37ae, 0x19}, 
{0x37af, 0x19}, 
{0x37b0, 00}, 
{0x37b1, 00}, 
{0x37b2, 00}, 
{0x37b3, 0x84}, 
{0x37b4, 0x84}, 
{0x37b5, 0x66}, 
{0x37b6, 00}, 
{0x37b7, 00}, 
{0x37b8, 00}, 
{0x37b9, 0xff}, 
{0x3800, 00}, 
{0x3801, 0xc}, 
{0x3802, 00}, 
{0x3803, 0xc}, 
{0x3804, 0xc}, 
{0x3805, 0xd3}, 
{0x3806, 0x9}, 
{0x3807, 0xa3}, 
{0x3808, 0x6}, 
{0x3809, 0x60}, 
{0x380a, 0x4}, 
{0x380b, 0xc8}, 
{0x380c, 0x7}, 
{0x380d, 0x76}, 
{0x380e, 0x4}, 
{0x380f, 0xe8}, 
{0x3810, 00}, 
{0x3811, 0x4}, 
{0x3813, 0x4}, 
{0x3814, 0x3}, 
{0x3815, 0x1}, 
{0x3820, 00}, 
{0x3821, 0x67}, 
{0x382a, 0x3}, 
{0x382b, 0x1}, 
{0x3830, 0x8}, 
{0x3836, 0x2}, 
{0x3837, 0x18}, 
{0x3841, 0xff}, 
{0x3846, 0x88}, 
{0x3d85, 0x6}, 
{0x3d8c, 0x75}, 
{0x3d8d, 0xef}, 
{0x3f08, 0xb}, 
{0x4000, 0xf1}, 
{0x4001, 0x14}, 
{0x4005, 0x10}, 
{0x400b, 0xc}, 
{0x400d, 0x10}, 
{0x401b, 00}, 
{0x401d, 00}, 
{0x4020, 0x1}, 
{0x4021, 0x20}, 
{0x4022, 0x1}, 
{0x4023, 0x9f}, 
{0x4024, 0x3}, 
{0x4025, 0xe0}, 
{0x4026, 0x4}, 
{0x4027, 0x5f}, 
{0x4028, 00}, 
{0x4029, 0x2}, 
{0x402a, 0x4}, 
{0x402b, 0x4}, 
{0x402c, 0x2}, 
{0x402d, 0x2}, 
{0x402e, 0x8}, 
{0x402f, 0x2}, 
{0x401f, 00}, 
{0x4034, 0x3f}, 
{0x4300, 0xff}, 
{0x4301, 00}, 
{0x4302, 0xf}, 
{0x4500, 0x40}, 
{0x4503, 0x10}, 
{0x4601, 0x74}, 
{0x481f, 0x32}, 
{0x4837, 0x16}, 
{0x4850, 0x10}, 
{0x4851, 0x32}, 
{0x4b00, 0x2a}, 
{0x4b0d, 00}, 
{0x4d00, 0x4}, 
{0x4d01, 0x18}, 
{0x4d02, 0xc3}, 
{0x4d03, 0xff}, 
{0x4d04, 0xff}, 
{0x4d05, 0xff}, 
{0x5000, 0x96}, 
{0x5001, 0x1}, 
{0x5002, 0x8}, 
{0x5901, 00}, 
{0x5e00, 00}, 
{0x5e01, 0x41}, 
{0x100, 0x1}, 
{0x5b00, 0x2}, 
{0x5b01, 0xd0}, 
{0x5b02, 0x3}, 
{0x5b03, 0xcf}, 
{0x5b05, 0x6c}, 
{0x5780, 0xfc}, 
{0x5781, 0xdf}, 
{0x5782, 0x3f}, 
{0x5783, 0x8}, 
{0x5784, 0xc}, 
{0x5786, 0x20}, 
{0x5787, 0x40}, 
{0x5788, 0x8}, 
{0x5789, 0x8}, 
{0x578a, 0x2}, 
{0x578b, 0x1}, 
{0x578c, 0x1}, 
{0x578d, 0xc}, 
{0x578e, 0x2}, 
{0x578f, 0x1}, 
{0x5790, 0x1}, 
{0x5800, 0x1d}, 
{0x5801, 0xe}, 
{0x5802, 0xc}, 
{0x5803, 0xc}, 
{0x5804, 0xf}, 
{0x5805, 0x22}, 
{0x5806, 0xa}, 
{0x5807, 0x6}, 
{0x5808, 0x5}, 
{0x5809, 0x5}, 
{0x580a, 0x7}, 
{0x580b, 0xa}, 
{0x580c, 0x6}, 
{0x580d, 0x2}, 
{0x580e, 00}, 
{0x580f, 00}, 
{0x5810, 0x3}, 
{0x5811, 0x7}, 
{0x5812, 0x6}, 
{0x5813, 0x2}, 
{0x5814, 00}, 
{0x5815, 00}, 
{0x5816, 0x3}, 
{0x5817, 0x7}, 
{0x5818, 0x9}, 
{0x5819, 0x6}, 
{0x581a, 0x4}, 
{0x581b, 0x4}, 
{0x581c, 0x6}, 
{0x581d, 0xa}, 
{0x581e, 0x19}, 
{0x581f, 0xd}, 
{0x5820, 0xb}, 
{0x5821, 0xb}, 
{0x5822, 0xe}, 
{0x5823, 0x22}, 
{0x5824, 0x23}, 
{0x5825, 0x28}, 
{0x5826, 0x29}, 
{0x5827, 0x27}, 
{0x5828, 0x13}, 
{0x5829, 0x26}, 
{0x582a, 0x33}, 
{0x582b, 0x32}, 
{0x582c, 0x33}, 
{0x582d, 0x16}, 
{0x582e, 0x14}, 
{0x582f, 0x30}, 
{0x5830, 0x31}, 
{0x5831, 0x30}, 
{0x5832, 0x15}, 
{0x5833, 0x26}, 
{0x5834, 0x23}, 
{0x5835, 0x21}, 
{0x5836, 0x23}, 
{0x5837, 0x5}, 
{0x5838, 0x36}, 
{0x5839, 0x27}, 
{0x583a, 0x28}, 
{0x583b, 0x26}, 
{0x583c, 0x24}, 
{0x583d, 0xdf}, 
end of reg_array 
******* End of 1 i2c reg setting*********
********* End of .init_settings_array *********
********* Begin of .start_settings *********
.size = 1 
.addr_type = 2 
.data_type = 1 
.delay = 0 
{<reg_addr>,<reg_data>,<delay>} 
{0x100, 0x1}, 
end of reg_array 
********* End of .start_settings *********
********* Begin of .stop_settings *********
.size = 1 
.addr_type = 2 
.data_type = 1 
.delay = 0 
{<reg_addr>,<reg_data>,<delay>} 
{0x100, 00}, 
end of reg_array 
********* End of .stop_settings *********
********* Begin of .groupon_settings *********
.size = 1 
.addr_type = 2 
.data_type = 1 
.delay = 0 
{<reg_addr>,<reg_data>,<delay>} 
{0x3208, 00}, 
end of reg_array 
********* End of .groupon_settings *********
********* Begin of .groupoff_settings *********
.size = 2 
.addr_type = 2 
.data_type = 1 
.delay = 0 
{<reg_addr>,<reg_data>,<delay>} 
{0x3208, 0x10}, 
{0x3208, 0xa0}, 
end of reg_array 
********* End of .groupoff_settings *********
********* Begin of .sensor_res_cfg_table *********
.size = 7 
{ 0, 2, 4, 5, 6, 3, 1, } 
********* End of .sensor_res_cfg_table *********
Available init arrays : 5
******* Begin of 0 i2c reg setting*********
.size = 107 
.addr_type = 2 
.data_type = 1 
.delay = 0 
reg_array: 
{<reg_addr>,<reg_data>,<delay>} 
{0x302, 0x3d}, 
{0x30d, 0x3d}, 
{0x30f, 0x4}, 
{0x3018, 0x72}, 
{0x3106, 0x1}, 
{0x3501, 0x98}, 
{0x3502, 0x60}, 
{0x3700, 0x30}, 
{0x3701, 0x18}, 
{0x3702, 0x50}, 
{0x3703, 0x32}, 
{0x3704, 0x28}, 
{0x3706, 0x50}, 
{0x3707, 0x8}, 
{0x3708, 0x48}, 
{0x3709, 0x80}, 
{0x370a, 0x1}, 
{0x370b, 0x50}, 
{0x370c, 0x7}, 
{0x3718, 0x14}, 
{0x3712, 0x44}, 
{0x371e, 0x31}, 
{0x371f, 0x7f}, 
{0x3720, 0xa}, 
{0x3721, 0xa}, 
{0x3724, 0x4}, 
{0x3725, 0x4}, 
{0x3726, 0xc}, 
{0x3728, 0xa}, 
{0x3729, 0x3}, 
{0x372a, 0x6}, 
{0x372b, 0xa6}, 
{0x372c, 0xa6}, 
{0x372d, 0xa6}, 
{0x372e, 0xc}, 
{0x372f, 0x20}, 
{0x3730, 0x2}, 
{0x3731, 0xc}, 
{0x3732, 0x28}, 
{0x3736, 0x30}, 
{0x373a, 0x4}, 
{0x373b, 0x18}, 
{0x373c, 0x14}, 
{0x373e, 0x6}, 
{0x375a, 0xc}, 
{0x375b, 0x26}, 
{0x375d, 0x4}, 
{0x375f, 0x28}, 
{0x3767, 0x4}, 
{0x3769, 0x20}, 
{0x3772, 0x46}, 
{0x3773, 0x4}, 
{0x3774, 0x2c}, 
{0x3775, 0x13}, 
{0x3776, 0x10}, 
{0x37a0, 0x88}, 
{0x37a1, 0x7a}, 
{0x37a2, 0x7a}, 
{0x37a3, 0x2}, 
{0x37a5, 0x9}, 
{0x37a7, 0x88}, 
{0x37a8, 0x98}, 
{0x37a9, 0x98}, 
{0x37aa, 0x88}, 
{0x37ab, 0x5c}, 
{0x37ac, 0x5c}, 
{0x37ad, 0x55}, 
{0x37ae, 0x19}, 
{0x37af, 0x19}, 
{0x37b3, 0x84}, 
{0x37b4, 0x84}, 
{0x37b5, 0x66}, 
{0x3808, 0xc}, 
{0x3809, 0xc0}, 
{0x380a, 0x9}, 
{0x380b, 0x90}, 
{0x380c, 0x7}, 
{0x380d, 0x8e}, 
{0x380e, 0x9}, 
{0x380f, 0xb0}, 
{0x3813, 0x2}, 
{0x3814, 0x1}, 
{0x3821, 0x46}, 
{0x382a, 0x1}, 
{0x382b, 0x1}, 
{0x3830, 0x4}, 
{0x3836, 0x1}, 
{0x3846, 0x48}, 
{0x3f08, 0x16}, 
{0x4000, 0xf1}, 
{0x4001, 0x4}, 
{0x4020, 0x2}, 
{0x4021, 0x40}, 
{0x4022, 0x3}, 
{0x4023, 0x3f}, 
{0x4024, 0x7}, 
{0x4025, 0xc0}, 
{0x4026, 0x8}, 
{0x4027, 0xbf}, 
{0x402a, 0x4}, 
{0x402c, 0x2}, 
{0x402d, 0x2}, 
{0x402e, 0x8}, 
{0x4500, 0x68}, 
{0x4601, 0x10}, 
{0x5002, 0x8}, 
{0x5901, 00}, 
end of reg_array 
******* End of 0 i2c reg setting*********
******* Begin of 1 i2c reg setting*********
.size = 107 
.addr_type = 2 
.data_type = 1 
.delay = 0 
reg_array: 
{<reg_addr>,<reg_data>,<delay>} 
{0x302, 0x3d}, 
{0x30d, 0x3d}, 
{0x30f, 0x9}, 
{0x3018, 0x72}, 
{0x3106, 0x1}, 
{0x3501, 0x4c}, 
{0x3502, 00}, 
{0x3700, 0x18}, 
{0x3701, 0xc}, 
{0x3702, 0x28}, 
{0x3703, 0x19}, 
{0x3704, 0x14}, 
{0x3706, 0x28}, 
{0x3707, 0x4}, 
{0x3708, 0x24}, 
{0x3709, 0x40}, 
{0x370a, 00}, 
{0x370b, 0xa8}, 
{0x370c, 0x4}, 
{0x3718, 0x12}, 
{0x3712, 0x42}, 
{0x371e, 0x19}, 
{0x371f, 0x40}, 
{0x3720, 0x5}, 
{0x3721, 0x5}, 
{0x3724, 0x2}, 
{0x3725, 0x2}, 
{0x3726, 0x6}, 
{0x3728, 0x5}, 
{0x3729, 0x2}, 
{0x372a, 0x3}, 
{0x372b, 0x53}, 
{0x372c, 0xa3}, 
{0x372d, 0x53}, 
{0x372e, 0x6}, 
{0x372f, 0x10}, 
{0x3730, 0x1}, 
{0x3731, 0x6}, 
{0x3732, 0x14}, 
{0x3736, 0x20}, 
{0x373a, 0x2}, 
{0x373b, 0xc}, 
{0x373c, 0xa}, 
{0x373e, 0x3}, 
{0x375a, 0x6}, 
{0x375b, 0x13}, 
{0x375d, 0x2}, 
{0x375f, 0x14}, 
{0x3767, 0x4}, 
{0x3769, 0x20}, 
{0x3772, 0x23}, 
{0x3773, 0x2}, 
{0x3774, 0x16}, 
{0x3775, 0x12}, 
{0x3776, 0x8}, 
{0x37a0, 0x44}, 
{0x37a1, 0x3d}, 
{0x37a2, 0x3d}, 
{0x37a3, 0x1}, 
{0x37a5, 0x8}, 
{0x37a7, 0x44}, 
{0x37a8, 0x4c}, 
{0x37a9, 0x4c}, 
{0x37aa, 0x44}, 
{0x37ab, 0x2e}, 
{0x37ac, 0x2e}, 
{0x37ad, 0x33}, 
{0x37ae, 0xd}, 
{0x37af, 0xd}, 
{0x37b3, 0x42}, 
{0x37b4, 0x42}, 
{0x37b5, 0x33}, 
{0x3808, 0x6}, 
{0x3809, 0x60}, 
{0x380a, 0x4}, 
{0x380b, 0xc8}, 
{0x380c, 0x7}, 
{0x380d, 0x76}, 
{0x380e, 0x4}, 
{0x380f, 0xe8}, 
{0x3813, 0x4}, 
{0x3814, 0x3}, 
{0x3821, 0x67}, 
{0x382a, 0x3}, 
{0x382b, 0x1}, 
{0x3830, 0x8}, 
{0x3836, 0x2}, 
{0x3846, 0x88}, 
{0x3f08, 0xb}, 
{0x4000, 0xf1}, 
{0x4001, 0x14}, 
{0x4020, 0x1}, 
{0x4021, 0x20}, 
{0x4022, 0x1}, 
{0x4023, 0x9f}, 
{0x4024, 0x3}, 
{0x4025, 0xe0}, 
{0x4026, 0x4}, 
{0x4027, 0x5f}, 
{0x402a, 0x4}, 
{0x402c, 0x2}, 
{0x402d, 0x2}, 
{0x402e, 0x8}, 
{0x4500, 0x40}, 
{0x4601, 0x74}, 
{0x5002, 0x8}, 
{0x5901, 00}, 
end of reg_array 
******* End of 1 i2c reg setting*********
******* Begin of 2 i2c reg setting*********
.size = 180 
.addr_type = 2 
.data_type = 1 
.delay = 0 
reg_array: 
{<reg_addr>,<reg_data>,<delay>} 
{0x302, 0x3c}, 
{0x30d, 0x3c}, 
{0x30f, 0x9}, 
{0x3018, 0x72}, 
{0x3106, 0x1}, 
{0x3501, 0x4c}, 
{0x3502, 00}, 
{0x3700, 0x24}, 
{0x3701, 0xc}, 
{0x3702, 0x28}, 
{0x3703, 0x19}, 
{0x3704, 0x14}, 
{0x3705, 00}, 
{0x3706, 0x38}, 
{0x3707, 0x4}, 
{0x3708, 0x24}, 
{0x3709, 0x40}, 
{0x370a, 00}, 
{0x370b, 0xb8}, 
{0x370c, 0x4}, 
{0x3718, 0x12}, 
{0x3719, 0x31}, 
{0x3712, 0x42}, 
{0x3714, 0x12}, 
{0x371e, 0x19}, 
{0x371f, 0x40}, 
{0x3720, 0x5}, 
{0x3721, 0x5}, 
{0x3724, 0x2}, 
{0x3725, 0x2}, 
{0x3726, 0x6}, 
{0x3728, 0x5}, 
{0x3729, 0x2}, 
{0x372a, 0x3}, 
{0x372b, 0x53}, 
{0x372c, 0xa3}, 
{0x372d, 0x53}, 
{0x372e, 0x6}, 
{0x372f, 0x10}, 
{0x3730, 0x1}, 
{0x3731, 0x6}, 
{0x3732, 0x14}, 
{0x3733, 0x10}, 
{0x3734, 0x40}, 
{0x3736, 0x20}, 
{0x373a, 0x2}, 
{0x373b, 0xc}, 
{0x373c, 0xa}, 
{0x373e, 0x3}, 
{0x3755, 0x40}, 
{0x3758, 00}, 
{0x3759, 0x4c}, 
{0x375a, 0x6}, 
{0x375b, 0x13}, 
{0x375c, 0x20}, 
{0x375d, 0x2}, 
{0x375e, 00}, 
{0x375f, 0x14}, 
{0x3767, 0x4}, 
{0x3768, 0x4}, 
{0x3769, 0x20}, 
{0x376c, 00}, 
{0x376d, 00}, 
{0x376a, 0x8}, 
{0x3761, 00}, 
{0x3762, 00}, 
{0x3763, 00}, 
{0x3766, 0xff}, 
{0x376b, 0x42}, 
{0x3772, 0x23}, 
{0x3773, 0x2}, 
{0x3774, 0x16}, 
{0x3775, 0x12}, 
{0x3776, 0x8}, 
{0x37a0, 0x44}, 
{0x37a1, 0x3d}, 
{0x37a2, 0x3d}, 
{0x37a3, 0x1}, 
{0x37a4, 00}, 
{0x37a5, 0x8}, 
{0x37a6, 00}, 
{0x37a7, 0x44}, 
{0x37a8, 0x58}, 
{0x37a9, 0x58}, 
{0x3760, 00}, 
{0x376f, 0x1}, 
{0x37aa, 0x44}, 
{0x37ab, 0x2e}, 
{0x37ac, 0x2e}, 
{0x37ad, 0x33}, 
{0x37ae, 0xd}, 
{0x37af, 0xd}, 
{0x37b0, 00}, 
{0x37b1, 00}, 
{0x37b2, 00}, 
{0x37b3, 0x42}, 
{0x37b4, 0x42}, 
{0x37b5, 0x33}, 
{0x37b6, 00}, 
{0x37b7, 00}, 
{0x37b8, 00}, 
{0x37b9, 0xff}, 
{0x3800, 00}, 
{0x3801, 0xc}, 
{0x3802, 00}, 
{0x3803, 0xc}, 
{0x3804, 0xc}, 
{0x3805, 0xd3}, 
{0x3806, 0x9}, 
{0x3807, 0xa3}, 
{0x3808, 0x5}, 
{0x3809, 0x80}, 
{0x380a, 0x3}, 
{0x380b, 0x18}, 
{0x380c, 0x5}, 
{0x380d, 0xb0}, 
{0x380e, 0x3}, 
{0x380f, 0x38}, 
{0x3810, 00}, 
{0x3811, 0x4}, 
{0x3813, 0x4}, 
{0x3814, 0x3}, 
{0x3815, 0x1}, 
{0x3820, 00}, 
{0x3821, 0x67}, 
{0x382a, 0x3}, 
{0x382b, 0x1}, 
{0x3830, 0x8}, 
{0x3836, 0x2}, 
{0x3837, 0x18}, 
{0x3841, 0xff}, 
{0x3846, 0x88}, 
{0x3f08, 0xb}, 
{0x4000, 0xf1}, 
{0x4001, 0x14}, 
{0x4005, 0x10}, 
{0x400b, 0xc}, 
{0x400d, 0x10}, 
{0x401b, 00}, 
{0x401d, 00}, 
{0x4020, 0x1}, 
{0x4021, 0x20}, 
{0x4022, 0x1}, 
{0x4023, 0x9f}, 
{0x4024, 0x3}, 
{0x4025, 0xe0}, 
{0x4026, 0x4}, 
{0x4027, 0x5f}, 
{0x4028, 00}, 
{0x4029, 0x2}, 
{0x402a, 0x4}, 
{0x402b, 0x4}, 
{0x402c, 0x2}, 
{0x402d, 0x2}, 
{0x402e, 0x8}, 
{0x402f, 0x2}, 
{0x401f, 00}, 
{0x4034, 0x3f}, 
{0x4300, 0xff}, 
{0x4301, 00}, 
{0x4302, 0xf}, 
{0x4500, 0x40}, 
{0x4503, 0x10}, 
{0x4601, 0x74}, 
{0x481f, 0x32}, 
{0x4837, 0x16}, 
{0x4850, 0x10}, 
{0x4851, 0x32}, 
{0x4b00, 0x2a}, 
{0x4b0d, 00}, 
{0x4d00, 0x4}, 
{0x4d01, 0x18}, 
{0x4d02, 0xc3}, 
{0x4d03, 0xff}, 
{0x4d04, 0xff}, 
{0x4d05, 0xff}, 
{0x5000, 0x96}, 
{0x5001, 0x1}, 
{0x5002, 0x8}, 
{0x5901, 00}, 
end of reg_array 
******* End of 2 i2c reg setting*********
******* Begin of 3 i2c reg setting*********
.size = 178 
.addr_type = 2 
.data_type = 1 
.delay = 0 
reg_array: 
{<reg_addr>,<reg_data>,<delay>} 
{0x302, 0x3d}, 
{0x30d, 0x3d}, 
{0x30f, 0x9}, 
{0x3018, 0x72}, 
{0x3106, 0x1}, 
{0x3700, 0x24}, 
{0x3701, 0xc}, 
{0x3702, 0x28}, 
{0x3703, 0x19}, 
{0x3704, 0x14}, 
{0x3705, 00}, 
{0x3706, 0x38}, 
{0x3707, 0x4}, 
{0x3708, 0x24}, 
{0x3709, 0x40}, 
{0x370a, 00}, 
{0x370b, 0xb8}, 
{0x370c, 0x4}, 
{0x3718, 0x12}, 
{0x3719, 0x31}, 
{0x3712, 0x42}, 
{0x3714, 0x12}, 
{0x371e, 0x19}, 
{0x371f, 0x40}, 
{0x3720, 0x5}, 
{0x3721, 0x5}, 
{0x3724, 0x2}, 
{0x3725, 0x2}, 
{0x3726, 0x6}, 
{0x3728, 0x5}, 
{0x3729, 0x2}, 
{0x372a, 0x3}, 
{0x372b, 0x53}, 
{0x372c, 0xa3}, 
{0x372d, 0x53}, 
{0x372e, 0x6}, 
{0x372f, 0x10}, 
{0x3730, 0x1}, 
{0x3731, 0x6}, 
{0x3732, 0x14}, 
{0x3733, 0x10}, 
{0x3734, 0x40}, 
{0x3736, 0x20}, 
{0x373a, 0x2}, 
{0x373b, 0xc}, 
{0x373c, 0xa}, 
{0x373e, 0x3}, 
{0x3755, 0x40}, 
{0x3758, 00}, 
{0x3759, 0x4c}, 
{0x375a, 0x6}, 
{0x375b, 0x13}, 
{0x375c, 0x20}, 
{0x375d, 0x2}, 
{0x375e, 00}, 
{0x375f, 0x14}, 
{0x3767, 00}, 
{0x3768, 0x4}, 
{0x3769, 0x18}, 
{0x376c, 00}, 
{0x376d, 00}, 
{0x376a, 0x8}, 
{0x3761, 00}, 
{0x3762, 00}, 
{0x3763, 00}, 
{0x3766, 0xff}, 
{0x376b, 0x42}, 
{0x3772, 0x23}, 
{0x3773, 0x2}, 
{0x3774, 0x16}, 
{0x3775, 0x12}, 
{0x3776, 0x8}, 
{0x37a0, 0x44}, 
{0x37a1, 0x3d}, 
{0x37a2, 0x3d}, 
{0x37a3, 0x1}, 
{0x37a4, 00}, 
{0x37a5, 0x8}, 
{0x37a6, 00}, 
{0x37a7, 0x44}, 
{0x37a8, 0x58}, 
{0x37a9, 0x58}, 
{0x3760, 00}, 
{0x376f, 0x1}, 
{0x37aa, 0x44}, 
{0x37ab, 0x2e}, 
{0x37ac, 0x2e}, 
{0x37ad, 0x33}, 
{0x37ae, 0xd}, 
{0x37af, 0xd}, 
{0x37b0, 00}, 
{0x37b1, 00}, 
{0x37b2, 00}, 
{0x37b3, 0x42}, 
{0x37b4, 0x42}, 
{0x37b5, 0x33}, 
{0x37b6, 00}, 
{0x37b7, 00}, 
{0x37b8, 00}, 
{0x37b9, 0xff}, 
{0x3800, 00}, 
{0x3801, 0xc}, 
{0x3802, 00}, 
{0x3803, 0xc}, 
{0x3804, 0xc}, 
{0x3805, 0xd3}, 
{0x3806, 0x9}, 
{0x3807, 0xa3}, 
{0x3808, 0x3}, 
{0x3809, 0x20}, 
{0x380a, 0x2}, 
{0x380b, 0x58}, 
{0x380c, 0x4}, 
{0x380d, 0xe2}, 
{0x380e, 0x2}, 
{0x380f, 0x80}, 
{0x3810, 00}, 
{0x3811, 0x4}, 
{0x3813, 0x4}, 
{0x3814, 0x3}, 
{0x3815, 0x1}, 
{0x3820, 00}, 
{0x3821, 0x6f}, 
{0x382a, 0x5}, 
{0x382b, 0x3}, 
{0x3830, 0xc}, 
{0x3836, 0x2}, 
{0x3837, 0x18}, 
{0x3841, 0xff}, 
{0x3846, 0x88}, 
{0x3f08, 0xb}, 
{0x4000, 0xf1}, 
{0x4001, 0x14}, 
{0x4005, 0x10}, 
{0x400b, 0xc}, 
{0x400d, 0x10}, 
{0x401b, 00}, 
{0x401d, 00}, 
{0x4020, 0x1}, 
{0x4021, 0x20}, 
{0x4022, 0x1}, 
{0x4023, 0x9f}, 
{0x4024, 0x3}, 
{0x4025, 0xe0}, 
{0x4026, 0x4}, 
{0x4027, 0x5f}, 
{0x4028, 00}, 
{0x4029, 0x2}, 
{0x402a, 0x2}, 
{0x402b, 0x4}, 
{0x402c, 00}, 
{0x402d, 00}, 
{0x402e, 0x6}, 
{0x402f, 0x2}, 
{0x401f, 00}, 
{0x4034, 0x3f}, 
{0x4300, 0xff}, 
{0x4301, 00}, 
{0x4302, 0xf}, 
{0x4500, 0x40}, 
{0x4503, 0x10}, 
{0x4601, 0x50}, 
{0x481f, 0x32}, 
{0x4837, 0x16}, 
{0x4850, 0x10}, 
{0x4851, 0x32}, 
{0x4b00, 0x2a}, 
{0x4b0d, 00}, 
{0x4d00, 0x4}, 
{0x4d01, 0x18}, 
{0x4d02, 0xc3}, 
{0x4d03, 0xff}, 
{0x4d04, 0xff}, 
{0x4d05, 0xff}, 
{0x5000, 0x96}, 
{0x5001, 0x1}, 
{0x5002, 0xc}, 
{0x5901, 0x4}, 
end of reg_array 
******* End of 3 i2c reg setting*********
******* Begin of 4 i2c reg setting*********
.size = 180 
.addr_type = 2 
.data_type = 1 
.delay = 0 
reg_array: 
{<reg_addr>,<reg_data>,<delay>} 
{0x302, 0x3d}, 
{0x30d, 0x3d}, 
{0x30f, 0x9}, 
{0x3018, 0x72}, 
{0x3106, 0x1}, 
{0x3501, 0x4c}, 
{0x3502, 00}, 
{0x3700, 0x24}, 
{0x3701, 0xc}, 
{0x3702, 0x28}, 
{0x3703, 0x19}, 
{0x3704, 0x14}, 
{0x3705, 00}, 
{0x3706, 0x38}, 
{0x3707, 0x4}, 
{0x3708, 0x24}, 
{0x3709, 0x40}, 
{0x370a, 00}, 
{0x370b, 0xb8}, 
{0x370c, 0x4}, 
{0x3718, 0x12}, 
{0x3719, 0x31}, 
{0x3712, 0x42}, 
{0x3714, 0x12}, 
{0x371e, 0x19}, 
{0x371f, 0x40}, 
{0x3720, 0x5}, 
{0x3721, 0x5}, 
{0x3724, 0x2}, 
{0x3725, 0x2}, 
{0x3726, 0x6}, 
{0x3728, 0x5}, 
{0x3729, 0x2}, 
{0x372a, 0x3}, 
{0x372b, 0x53}, 
{0x372c, 0xa3}, 
{0x372d, 0x53}, 
{0x372e, 0x6}, 
{0x372f, 0x10}, 
{0x3730, 0x1}, 
{0x3731, 0x6}, 
{0x3732, 0x14}, 
{0x3733, 0x10}, 
{0x3734, 0x40}, 
{0x3736, 0x20}, 
{0x373a, 0x2}, 
{0x373b, 0xc}, 
{0x373c, 0xa}, 
{0x373e, 0x3}, 
{0x3755, 0x40}, 
{0x3758, 00}, 
{0x3759, 0x4c}, 
{0x375a, 0x6}, 
{0x375b, 0x13}, 
{0x375c, 0x20}, 
{0x375d, 0x2}, 
{0x375e, 00}, 
{0x375f, 0x14}, 
{0x3767, 00}, 
{0x3768, 0x4}, 
{0x3769, 0x18}, 
{0x376c, 00}, 
{0x376d, 00}, 
{0x376a, 0x8}, 
{0x3761, 00}, 
{0x3762, 00}, 
{0x3763, 00}, 
{0x3766, 0xff}, 
{0x376b, 0x42}, 
{0x3772, 0x23}, 
{0x3773, 0x2}, 
{0x3774, 0x16}, 
{0x3775, 0x12}, 
{0x3776, 0x8}, 
{0x37a0, 0x44}, 
{0x37a1, 0x3d}, 
{0x37a2, 0x3d}, 
{0x37a3, 0x1}, 
{0x37a4, 00}, 
{0x37a5, 0x8}, 
{0x37a6, 00}, 
{0x37a7, 0x44}, 
{0x37a8, 0x58}, 
{0x37a9, 0x58}, 
{0x3760, 00}, 
{0x376f, 0x1}, 
{0x37aa, 0x44}, 
{0x37ab, 0x2e}, 
{0x37ac, 0x2e}, 
{0x37ad, 0x33}, 
{0x37ae, 0xd}, 
{0x37af, 0xd}, 
{0x37b0, 00}, 
{0x37b1, 00}, 
{0x37b2, 00}, 
{0x37b3, 0x42}, 
{0x37b4, 0x42}, 
{0x37b5, 0x33}, 
{0x37b6, 00}, 
{0x37b7, 00}, 
{0x37b8, 00}, 
{0x37b9, 0xff}, 
{0x3800, 00}, 
{0x3801, 0xc}, 
{0x3802, 00}, 
{0x3803, 0xc}, 
{0x3804, 0xc}, 
{0x3805, 0xd3}, 
{0x3806, 0x9}, 
{0x3807, 0xa3}, 
{0x3808, 0x2}, 
{0x3809, 0x80}, 
{0x380a, 0x1}, 
{0x380b, 0xe0}, 
{0x380c, 0x4}, 
{0x380d, 0x81}, 
{0x380e, 0x2}, 
{0x380f, 0x8}, 
{0x3810, 00}, 
{0x3811, 0x4}, 
{0x3813, 0x4}, 
{0x3814, 0x3}, 
{0x3815, 0x1}, 
{0x3820, 00}, 
{0x3821, 0x6f}, 
{0x382a, 0x5}, 
{0x382b, 0x3}, 
{0x3830, 0xc}, 
{0x3836, 0x2}, 
{0x3837, 0x18}, 
{0x3841, 0xff}, 
{0x3846, 0x88}, 
{0x3f08, 0xb}, 
{0x4000, 0xf1}, 
{0x4001, 0x14}, 
{0x4005, 0x10}, 
{0x400b, 0xc}, 
{0x400d, 0x10}, 
{0x401b, 00}, 
{0x401d, 00}, 
{0x4020, 0x1}, 
{0x4021, 0x20}, 
{0x4022, 0x1}, 
{0x4023, 0x9f}, 
{0x4024, 0x3}, 
{0x4025, 0xe0}, 
{0x4026, 0x4}, 
{0x4027, 0x5f}, 
{0x4028, 00}, 
{0x4029, 0x2}, 
{0x402a, 0x2}, 
{0x402b, 0x4}, 
{0x402c, 00}, 
{0x402d, 00}, 
{0x402e, 0x6}, 
{0x402f, 0x2}, 
{0x401f, 00}, 
{0x4034, 0x3f}, 
{0x4300, 0xff}, 
{0x4301, 00}, 
{0x4302, 0xf}, 
{0x4500, 0x40}, 
{0x4503, 0x10}, 
{0x4601, 0x50}, 
{0x481f, 0x32}, 
{0x4837, 0x16}, 
{0x4850, 0x10}, 
{0x4851, 0x32}, 
{0x4b00, 0x2a}, 
{0x4b0d, 00}, 
{0x4d00, 0x4}, 
{0x4d01, 0x18}, 
{0x4d02, 0xc3}, 
{0x4d03, 0xff}, 
{0x4d04, 0xff}, 
{0x4d05, 0xff}, 
{0x5000, 0x96}, 
{0x5001, 0x1}, 
{0x5002, 0xc}, 
{0x5901, 0x4}, 
end of reg_array 
******* End of 4 i2c reg setting*********
********* Begin of .out_info_array *********
.size= 5,
{ 
 .x_output = 3264, 
 .y_output = 2448, 
 .line_length_pclk = 1934, 
 .frame_length_lines = 2480, 
 .vt_pixel_clk = 291336000, 
 .op_pixel_clk = 291200000, 
 .binning_factor = 1, 
 .max_fps = 30.000000, 
 .min_fps = 7.500000, 
 .mode = 1, 
}, 
{ 
 .x_output = 1632, 
 .y_output = 1224, 
 .line_length_pclk = 1910, 
 .frame_length_lines = 1256, 
 .vt_pixel_clk = 145600000, 
 .op_pixel_clk = 291200000, 
 .binning_factor = 2, 
 .max_fps = 30.000000, 
 .min_fps = 7.500000, 
 .mode = 1, 
}, 
{ 
 .x_output = 1408, 
 .y_output = 792, 
 .line_length_pclk = 1456, 
 .frame_length_lines = 824, 
 .vt_pixel_clk = 145600000, 
 .op_pixel_clk = 291200000, 
 .binning_factor = 1, 
 .max_fps = 60.000000, 
 .min_fps = 7.500000, 
 .mode = 2, 
}, 
{ 
 .x_output = 800, 
 .y_output = 600, 
 .line_length_pclk = 1250, 
 .frame_length_lines = 640, 
 .vt_pixel_clk = 145600000, 
 .op_pixel_clk = 291200000, 
 .binning_factor = 1, 
 .max_fps = 90.000000, 
 .min_fps = 7.500000, 
 .mode = 2, 
}, 
{ 
 .x_output = 640, 
 .y_output = 480, 
 .line_length_pclk = 1153, 
 .frame_length_lines = 520, 
 .vt_pixel_clk = 145600000, 
 .op_pixel_clk = 291200000, 
 .binning_factor = 1, 
 .max_fps = 120.000000, 
 .min_fps = 7.500000, 
 .mode = 2, 
}, 
********* End of .out_info_array *********
********* Begin of .crop_params_array *********
.size = 5 
{<top_crop>,<bottom_crop>,<left_crop>,<right_crop>} 
{0,0,0,0},
 {0,0,0,0},
 {0,0,0,0},
 {0,0,0,0},
 {0,0,0,0},
 ********* End of .crop_params_array *********
********* Begin of .csi_params_array *********
.size = 5 
******* Begin of 0 msm_camera_csi2_params*********
.csid_params = { 
	.lane_cnt = 4, 
	.lut_params = { 
	 .num_cid = 2 
	 .vc_cfg = { 
		 {<cid>,<dt>,<decode_format>} 
		 {0, 43, 2}, 
		 {1, 18, 1}, 
	 }, 
	}, 
}, 
.csiphy_params = { 
	.lane_cnt = 4, 
	.settle_cnt = 0xf, 
}, 
******* End of 0 msm_camera_csi2_params*********
******* Begin of 1 msm_camera_csi2_params*********
.csid_params = { 
	.lane_cnt = 4, 
	.lut_params = { 
	 .num_cid = 2 
	 .vc_cfg = { 
		 {<cid>,<dt>,<decode_format>} 
		 {0, 43, 2}, 
		 {1, 18, 1}, 
	 }, 
	}, 
}, 
.csiphy_params = { 
	.lane_cnt = 4, 
	.settle_cnt = 0xf, 
}, 
******* End of 1 msm_camera_csi2_params*********
******* Begin of 2 msm_camera_csi2_params*********
.csid_params = { 
	.lane_cnt = 4, 
	.lut_params = { 
	 .num_cid = 2 
	 .vc_cfg = { 
		 {<cid>,<dt>,<decode_format>} 
		 {0, 43, 2}, 
		 {1, 18, 1}, 
	 }, 
	}, 
}, 
.csiphy_params = { 
	.lane_cnt = 4, 
	.settle_cnt = 0xf, 
}, 
******* End of 2 msm_camera_csi2_params*********
******* Begin of 3 msm_camera_csi2_params*********
.csid_params = { 
	.lane_cnt = 4, 
	.lut_params = { 
	 .num_cid = 2 
	 .vc_cfg = { 
		 {<cid>,<dt>,<decode_format>} 
		 {0, 43, 2}, 
		 {1, 18, 1}, 
	 }, 
	}, 
}, 
.csiphy_params = { 
	.lane_cnt = 4, 
	.settle_cnt = 0xf, 
}, 
******* End of 3 msm_camera_csi2_params*********
******* Begin of 4 msm_camera_csi2_params*********
.csid_params = { 
	.lane_cnt = 4, 
	.lut_params = { 
	 .num_cid = 2 
	 .vc_cfg = { 
		 {<cid>,<dt>,<decode_format>} 
		 {0, 43, 2}, 
		 {1, 18, 1}, 
	 }, 
	}, 
}, 
.csiphy_params = { 
	.lane_cnt = 4, 
	.settle_cnt = 0xf, 
}, 
******* End of 4 msm_camera_csi2_params*********
********* End of .csi_params_array *********
********* Begin of .sensor_stream_info_array *********
	 .size = 2 
******* Begin of 0 sensor_stream_info_t*********
	 {		 .vc_cfg_size = 1 
		 .vc_cfg = { 
			 {<cid>,<dt>,<decode_format>} 
			 {0, 43, 2}, 
		 }, 
		 .pix_fmt_fourcc = 808535874 
	 },******* End of 0 sensor_stream_info_t*********
******* Begin of 1 sensor_stream_info_t*********
	 {		 .vc_cfg_size = 1 
		 .vc_cfg = { 
			 {<cid>,<dt>,<decode_format>} 
			 {1, 18, 1}, 
		 }, 
		 .pix_fmt_fourcc = 1096041805 
	 },******* End of 1 sensor_stream_info_t*********
********* End of .sensor_stream_info_array *********
********* End of ov8865_q8v18a *********
